Started
~~~~~~~~~~~~~~~~~~~~~~~
finding mergers at this snapnum 96
tracing them to this snapshot 96
this is the bin center 99
~~~~~~~~~~~~~~~~~~~~~~~~~
does not exist yet  Tables/Aimee_SF/99/mergers_snap_from_96_at_96_L35n2160TNG.txt
line before stuck dict_keys(['9', '10', '11', '12', '13', '14', '15', '16', '17', '18', '19', '20', '21', '22', '23', '24', '25', '26', '27', '28', '30', '31', '32', '33', '34', '35', '36', '37', '38', '39', '40', '41', '42', '47', '48', '49', '50', '51', '52', '53', '56', '57', '58', '59', '60', '61', '62', '65', '66', '67', '68', '69', '70', '71', '72', '73', '74', '75', '76', '77', '78', '79', '80', '81', '82', '83', '84', '85', '86', '96', '97', '98', '99'])
outside of redshift bin
~~~~~~~~~~~~~~~~~~~~~~~
finding mergers at this snapnum 97
tracing them to this snapshot 96
this is the bin center 99
~~~~~~~~~~~~~~~~~~~~~~~~~
does not exist yet  Tables/Aimee_SF/99/mergers_snap_from_97_at_96_L35n2160TNG.txt
line before stuck dict_keys(['9', '10', '11', '12', '13', '14', '15', '16', '17', '18', '19', '20', '21', '22', '23', '24', '25', '26', '27', '28', '30', '31', '32', '33', '34', '35', '36', '37', '38', '39', '40', '41', '42', '47', '48', '49', '50', '51', '52', '53', '56', '57', '58', '59', '60', '61', '62', '65', '66', '67', '68', '69', '70', '71', '72', '73', '74', '75', '76', '77', '78', '79', '80', '81', '82', '83', '84', '85', '86', '96', '97', '98', '99'])
outside of redshift bin
~~~~~~~~~~~~~~~~~~~~~~~
finding mergers at this snapnum 98
tracing them to this snapshot 96
this is the bin center 99
~~~~~~~~~~~~~~~~~~~~~~~~~
does not exist yet  Tables/Aimee_SF/99/mergers_snap_from_98_at_96_L35n2160TNG.txt
line before stuck dict_keys(['9', '10', '11', '12', '13', '14', '15', '16', '17', '18', '19', '20', '21', '22', '23', '24', '25', '26', '27', '28', '30', '31', '32', '33', '34', '35', '36', '37', '38', '39', '40', '41', '42', '47', '48', '49', '50', '51', '52', '53', '56', '57', '58', '59', '60', '61', '62', '65', '66', '67', '68', '69', '70', '71', '72', '73', '74', '75', '76', '77', '78', '79', '80', '81', '82', '83', '84', '85', '86', '96', '97', '98', '99'])
outside of redshift bin
~~~~~~~~~~~~~~~~~~~~~~~
finding mergers at this snapnum 99
tracing them to this snapshot 96
this is the bin center 99
~~~~~~~~~~~~~~~~~~~~~~~~~
does not exist yet  Tables/Aimee_SF/99/mergers_snap_from_99_at_96_L35n2160TNG.txt
line before stuck dict_keys(['9', '10', '11', '12', '13', '14', '15', '16', '17', '18', '19', '20', '21', '22', '23', '24', '25', '26', '27', '28', '30', '31', '32', '33', '34', '35', '36', '37', '38', '39', '40', '41', '42', '47', '48', '49', '50', '51', '52', '53', '56', '57', '58', '59', '60', '61', '62', '65', '66', '67', '68', '69', '70', '71', '72', '73', '74', '75', '76', '77', '78', '79', '80', '81', '82', '83', '84', '85', '86', '96', '97', '98', '99'])
outside of redshift bin
~~~~~~~~~~~~~~~~~~~~~~~
finding mergers at this snapnum 96
tracing them to this snapshot 97
this is the bin center 99
~~~~~~~~~~~~~~~~~~~~~~~~~
does not exist yet  Tables/Aimee_SF/99/mergers_snap_from_96_at_97_L35n2160TNG.txt
line before stuck dict_keys(['9', '10', '11', '12', '13', '14', '15', '16', '17', '18', '19', '20', '21', '22', '23', '24', '25', '26', '27', '28', '30', '31', '32', '33', '34', '35', '36', '37', '38', '39', '40', '41', '42', '47', '48', '49', '50', '51', '52', '53', '56', '57', '58', '59', '60', '61', '62', '65', '66', '67', '68', '69', '70', '71', '72', '73', '74', '75', '76', '77', '78', '79', '80', '81', '82', '83', '84', '85', '86', '96', '97', '98', '99'])
outside of redshift bin
~~~~~~~~~~~~~~~~~~~~~~~
finding mergers at this snapnum 97
tracing them to this snapshot 97
this is the bin center 99
~~~~~~~~~~~~~~~~~~~~~~~~~
does not exist yet  Tables/Aimee_SF/99/mergers_snap_from_97_at_97_L35n2160TNG.txt
line before stuck dict_keys(['9', '10', '11', '12', '13', '14', '15', '16', '17', '18', '19', '20', '21', '22', '23', '24', '25', '26', '27', '28', '30', '31', '32', '33', '34', '35', '36', '37', '38', '39', '40', '41', '42', '47', '48', '49', '50', '51', '52', '53', '56', '57', '58', '59', '60', '61', '62', '65', '66', '67', '68', '69', '70', '71', '72', '73', '74', '75', '76', '77', '78', '79', '80', '81', '82', '83', '84', '85', '86', '96', '97', '98', '99'])
outside of redshift bin
~~~~~~~~~~~~~~~~~~~~~~~
finding mergers at this snapnum 98
tracing them to this snapshot 97
this is the bin center 99
~~~~~~~~~~~~~~~~~~~~~~~~~
does not exist yet  Tables/Aimee_SF/99/mergers_snap_from_98_at_97_L35n2160TNG.txt
line before stuck dict_keys(['9', '10', '11', '12', '13', '14', '15', '16', '17', '18', '19', '20', '21', '22', '23', '24', '25', '26', '27', '28', '30', '31', '32', '33', '34', '35', '36', '37', '38', '39', '40', '41', '42', '47', '48', '49', '50', '51', '52', '53', '56', '57', '58', '59', '60', '61', '62', '65', '66', '67', '68', '69', '70', '71', '72', '73', '74', '75', '76', '77', '78', '79', '80', '81', '82', '83', '84', '85', '86', '96', '97', '98', '99'])
outside of redshift bin
~~~~~~~~~~~~~~~~~~~~~~~
finding mergers at this snapnum 99
tracing them to this snapshot 97
this is the bin center 99
~~~~~~~~~~~~~~~~~~~~~~~~~
does not exist yet  Tables/Aimee_SF/99/mergers_snap_from_99_at_97_L35n2160TNG.txt
line before stuck dict_keys(['9', '10', '11', '12', '13', '14', '15', '16', '17', '18', '19', '20', '21', '22', '23', '24', '25', '26', '27', '28', '30', '31', '32', '33', '34', '35', '36', '37', '38', '39', '40', '41', '42', '47', '48', '49', '50', '51', '52', '53', '56', '57', '58', '59', '60', '61', '62', '65', '66', '67', '68', '69', '70', '71', '72', '73', '74', '75', '76', '77', '78', '79', '80', '81', '82', '83', '84', '85', '86', '96', '97', '98', '99'])
outside of redshift bin
~~~~~~~~~~~~~~~~~~~~~~~
finding mergers at this snapnum 96
tracing them to this snapshot 98
this is the bin center 99
~~~~~~~~~~~~~~~~~~~~~~~~~
does not exist yet  Tables/Aimee_SF/99/mergers_snap_from_96_at_98_L35n2160TNG.txt
line before stuck dict_keys(['9', '10', '11', '12', '13', '14', '15', '16', '17', '18', '19', '20', '21', '22', '23', '24', '25', '26', '27', '28', '30', '31', '32', '33', '34', '35', '36', '37', '38', '39', '40', '41', '42', '47', '48', '49', '50', '51', '52', '53', '56', '57', '58', '59', '60', '61', '62', '65', '66', '67', '68', '69', '70', '71', '72', '73', '74', '75', '76', '77', '78', '79', '80', '81', '82', '83', '84', '85', '86', '96', '97', '98', '99'])
outside of redshift bin
~~~~~~~~~~~~~~~~~~~~~~~
finding mergers at this snapnum 97
tracing them to this snapshot 98
this is the bin center 99
~~~~~~~~~~~~~~~~~~~~~~~~~
does not exist yet  Tables/Aimee_SF/99/mergers_snap_from_97_at_98_L35n2160TNG.txt
line before stuck dict_keys(['9', '10', '11', '12', '13', '14', '15', '16', '17', '18', '19', '20', '21', '22', '23', '24', '25', '26', '27', '28', '30', '31', '32', '33', '34', '35', '36', '37', '38', '39', '40', '41', '42', '47', '48', '49', '50', '51', '52', '53', '56', '57', '58', '59', '60', '61', '62', '65', '66', '67', '68', '69', '70', '71', '72', '73', '74', '75', '76', '77', '78', '79', '80', '81', '82', '83', '84', '85', '86', '96', '97', '98', '99'])
outside of redshift bin
~~~~~~~~~~~~~~~~~~~~~~~
finding mergers at this snapnum 98
tracing them to this snapshot 98
this is the bin center 99
~~~~~~~~~~~~~~~~~~~~~~~~~
does not exist yet  Tables/Aimee_SF/99/mergers_snap_from_98_at_98_L35n2160TNG.txt
line before stuck dict_keys(['9', '10', '11', '12', '13', '14', '15', '16', '17', '18', '19', '20', '21', '22', '23', '24', '25', '26', '27', '28', '30', '31', '32', '33', '34', '35', '36', '37', '38', '39', '40', '41', '42', '47', '48', '49', '50', '51', '52', '53', '56', '57', '58', '59', '60', '61', '62', '65', '66', '67', '68', '69', '70', '71', '72', '73', '74', '75', '76', '77', '78', '79', '80', '81', '82', '83', '84', '85', '86', '96', '97', '98', '99'])
Running, difference in lbt 0.0
min and max 0 98
snap doesnt exist in dictionary
snap doesnt exist in dictionary
snap doesnt exist in dictionary
snap doesnt exist in dictionary
snap doesnt exist in dictionary
snap doesnt exist in dictionary
snap doesnt exist in dictionary
snap doesnt exist in dictionary
snap doesnt exist in dictionary
snap doesnt exist in dictionary
snap doesnt exist in dictionary
snap doesnt exist in dictionary
snap doesnt exist in dictionary
snap doesnt exist in dictionary
snap doesnt exist in dictionary
snap doesnt exist in dictionary
snap doesnt exist in dictionary
snap doesnt exist in dictionary
snap doesnt exist in dictionary
snap doesnt exist in dictionary
snap doesnt exist in dictionary
snap doesnt exist in dictionary
snap doesnt exist in dictionary
snap doesnt exist in dictionary
snap doesnt exist in dictionary
snap doesnt exist in dictionary
min and max 97 100
list snaps bin center [98 99]
list snaps redshift bin [98 99]
can find mergers in these snaps [98, 99]
Snap in snap list
Include descendants? False
Include progenitors? True
Lower baryonic mass limit 84145261.29317981
getting subhalos from this snapnum 98
z 0.009521666967944764 a 0.99056814006128
0.3075 67.74 km / (Mpc s)
0.3089 0.6911
lookback time 0.13648821891469304 Gyr
length of all subhalos at this snapshot 9402
getting subhalos from the center snapshot 98
z 0.009521666967944764 a 0.99056814006128
0.3075 67.74 km / (Mpc s)
0.3089 0.6911
lookback time 0.13648821891469304 Gyr
length of selection 163942
length of all subhalos at center snapshot 163942
Warning, empty return. Subhalo [104] at snapNum [98] not in tree.
Warning, empty return. Subhalo [127] at snapNum [98] not in tree.
Warning, empty return. Subhalo [142] at snapNum [98] not in tree.
Warning, empty return. Subhalo [149] at snapNum [98] not in tree.
Warning, empty return. Subhalo [162] at snapNum [98] not in tree.
Warning, empty return. Subhalo [164] at snapNum [98] not in tree.
Warning, empty return. Subhalo [166] at snapNum [98] not in tree.
Warning, empty return. Subhalo [172] at snapNum [98] not in tree.
Warning, empty return. Subhalo [179] at snapNum [98] not in tree.
Warning, empty return. Subhalo [181] at snapNum [98] not in tree.
Warning, empty return. Subhalo [195] at snapNum [98] not in tree.
Warning, empty return. Subhalo [204] at snapNum [98] not in tree.
Warning, empty return. Subhalo [208] at snapNum [98] not in tree.
Warning, empty return. Subhalo [221] at snapNum [98] not in tree.
Warning, empty return. Subhalo [237] at snapNum [98] not in tree.
Warning, empty return. Subhalo [243] at snapNum [98] not in tree.
Warning, empty return. Subhalo [246] at snapNum [98] not in tree.
Warning, empty return. Subhalo [252] at snapNum [98] not in tree.
Warning, empty return. Subhalo [268] at snapNum [98] not in tree.
Warning, empty return. Subhalo [271] at snapNum [98] not in tree.
Warning, empty return. Subhalo [272] at snapNum [98] not in tree.
Warning, empty return. Subhalo [276] at snapNum [98] not in tree.
Warning, empty return. Subhalo [277] at snapNum [98] not in tree.
Warning, empty return. Subhalo [279] at snapNum [98] not in tree.
Warning, empty return. Subhalo [285] at snapNum [98] not in tree.
Warning, empty return. Subhalo [307] at snapNum [98] not in tree.
Warning, empty return. Subhalo [309] at snapNum [98] not in tree.
Warning, empty return. Subhalo [312] at snapNum [98] not in tree.
Warning, empty return. Subhalo [313] at snapNum [98] not in tree.
Warning, empty return. Subhalo [314] at snapNum [98] not in tree.
Warning, empty return. Subhalo [331] at snapNum [98] not in tree.
Warning, empty return. Subhalo [333] at snapNum [98] not in tree.
Warning, empty return. Subhalo [344] at snapNum [98] not in tree.
Warning, empty return. Subhalo [346] at snapNum [98] not in tree.
Warning, empty return. Subhalo [350] at snapNum [98] not in tree.
Warning, empty return. Subhalo [353] at snapNum [98] not in tree.
Warning, empty return. Subhalo [364] at snapNum [98] not in tree.
Warning, empty return. Subhalo [365] at snapNum [98] not in tree.
Warning, empty return. Subhalo [369] at snapNum [98] not in tree.
Warning, empty return. Subhalo [373] at snapNum [98] not in tree.
Warning, empty return. Subhalo [406] at snapNum [98] not in tree.
Warning, empty return. Subhalo [422] at snapNum [98] not in tree.
Warning, empty return. Subhalo [451] at snapNum [98] not in tree.
Warning, empty return. Subhalo [487] at snapNum [98] not in tree.
Warning, empty return. Subhalo [488] at snapNum [98] not in tree.
Warning, empty return. Subhalo [512] at snapNum [98] not in tree.
Warning, empty return. Subhalo [682] at snapNum [98] not in tree.
Warning, empty return. Subhalo [691] at snapNum [98] not in tree.
Warning, empty return. Subhalo [735] at snapNum [98] not in tree.
Warning, empty return. Subhalo [776] at snapNum [98] not in tree.
Warning, empty return. Subhalo [1100] at snapNum [98] not in tree.
Warning, empty return. Subhalo [1232] at snapNum [98] not in tree.
Warning, empty return. Subhalo [1267] at snapNum [98] not in tree.
Warning, empty return. Subhalo [1742] at snapNum [98] not in tree.
Warning, empty return. Subhalo [2624] at snapNum [98] not in tree.
Warning, empty return. Subhalo [65485] at snapNum [98] not in tree.
Warning, empty return. Subhalo [65488] at snapNum [98] not in tree.
Warning, empty return. Subhalo [65505] at snapNum [98] not in tree.
Warning, empty return. Subhalo [65574] at snapNum [98] not in tree.
Warning, empty return. Subhalo [65608] at snapNum [98] not in tree.
Warning, empty return. Subhalo [65727] at snapNum [98] not in tree.
Warning, empty return. Subhalo [65832] at snapNum [98] not in tree.
Warning, empty return. Subhalo [66016] at snapNum [98] not in tree.
Warning, empty return. Subhalo [97848] at snapNum [98] not in tree.
Warning, empty return. Subhalo [97850] at snapNum [98] not in tree.
Warning, empty return. Subhalo [97893] at snapNum [98] not in tree.
Warning, empty return. Subhalo [98040] at snapNum [98] not in tree.
Warning, empty return. Subhalo [98239] at snapNum [98] not in tree.
Warning, empty return. Subhalo [118246] at snapNum [98] not in tree.
Warning, empty return. Subhalo [118250] at snapNum [98] not in tree.
Warning, empty return. Subhalo [118252] at snapNum [98] not in tree.
Warning, empty return. Subhalo [118254] at snapNum [98] not in tree.
Warning, empty return. Subhalo [118275] at snapNum [98] not in tree.
Warning, empty return. Subhalo [118302] at snapNum [98] not in tree.
Warning, empty return. Subhalo [118311] at snapNum [98] not in tree.
Warning, empty return. Subhalo [118326] at snapNum [98] not in tree.
Warning, empty return. Subhalo [118372] at snapNum [98] not in tree.
Warning, empty return. Subhalo [118403] at snapNum [98] not in tree.
Warning, empty return. Subhalo [118728] at snapNum [98] not in tree.
Warning, empty return. Subhalo [118881] at snapNum [98] not in tree.
Warning, empty return. Subhalo [144573] at snapNum [98] not in tree.
Warning, empty return. Subhalo [144590] at snapNum [98] not in tree.
Warning, empty return. Subhalo [144660] at snapNum [98] not in tree.
Warning, empty return. Subhalo [144678] at snapNum [98] not in tree.
Warning, empty return. Subhalo [144759] at snapNum [98] not in tree.
Warning, empty return. Subhalo [144815] at snapNum [98] not in tree.
Warning, empty return. Subhalo [145115] at snapNum [98] not in tree.
Warning, empty return. Subhalo [145162] at snapNum [98] not in tree.
Warning, empty return. Subhalo [167812] at snapNum [98] not in tree.
Warning, empty return. Subhalo [167895] at snapNum [98] not in tree.
Warning, empty return. Subhalo [167902] at snapNum [98] not in tree.
Warning, empty return. Subhalo [168021] at snapNum [98] not in tree.
Warning, empty return. Subhalo [168106] at snapNum [98] not in tree.
Warning, empty return. Subhalo [185328] at snapNum [98] not in tree.
Warning, empty return. Subhalo [185475] at snapNum [98] not in tree.
Warning, empty return. Subhalo [198608] at snapNum [98] not in tree.
Warning, empty return. Subhalo [198636] at snapNum [98] not in tree.
Warning, empty return. Subhalo [198656] at snapNum [98] not in tree.
Warning, empty return. Subhalo [198670] at snapNum [98] not in tree.
Warning, empty return. Subhalo [208960] at snapNum [98] not in tree.
Warning, empty return. Subhalo [208985] at snapNum [98] not in tree.
Warning, empty return. Subhalo [209038] at snapNum [98] not in tree.
Warning, empty return. Subhalo [209042] at snapNum [98] not in tree.
Warning, empty return. Subhalo [209053] at snapNum [98] not in tree.
Warning, empty return. Subhalo [220641] at snapNum [98] not in tree.
Warning, empty return. Subhalo [220649] at snapNum [98] not in tree.
Warning, empty return. Subhalo [220702] at snapNum [98] not in tree.
Warning, empty return. Subhalo [220863] at snapNum [98] not in tree.
Warning, empty return. Subhalo [233392] at snapNum [98] not in tree.
Warning, empty return. Subhalo [233393] at snapNum [98] not in tree.
Warning, empty return. Subhalo [233419] at snapNum [98] not in tree.
Warning, empty return. Subhalo [233439] at snapNum [98] not in tree.
Warning, empty return. Subhalo [233471] at snapNum [98] not in tree.
Warning, empty return. Subhalo [242646] at snapNum [98] not in tree.
Warning, empty return. Subhalo [242655] at snapNum [98] not in tree.
Warning, empty return. Subhalo [242681] at snapNum [98] not in tree.
Warning, empty return. Subhalo [242705] at snapNum [98] not in tree.
Warning, empty return. Subhalo [253738] at snapNum [98] not in tree.
Warning, empty return. Subhalo [253749] at snapNum [98] not in tree.
Warning, empty return. Subhalo [253787] at snapNum [98] not in tree.
Warning, empty return. Subhalo [253790] at snapNum [98] not in tree.
Warning, empty return. Subhalo [253829] at snapNum [98] not in tree.
Warning, empty return. Subhalo [253953] at snapNum [98] not in tree.
Warning, empty return. Subhalo [253974] at snapNum [98] not in tree.
Warning, empty return. Subhalo [264733] at snapNum [98] not in tree.
Warning, empty return. Subhalo [275180] at snapNum [98] not in tree.
Warning, empty return. Subhalo [275185] at snapNum [98] not in tree.
Warning, empty return. Subhalo [275186] at snapNum [98] not in tree.
Warning, empty return. Subhalo [275189] at snapNum [98] not in tree.
Warning, empty return. Subhalo [275193] at snapNum [98] not in tree.
Warning, empty return. Subhalo [275195] at snapNum [98] not in tree.
Warning, empty return. Subhalo [275203] at snapNum [98] not in tree.
Warning, empty return. Subhalo [275210] at snapNum [98] not in tree.
Warning, empty return. Subhalo [275218] at snapNum [98] not in tree.
Warning, empty return. Subhalo [275226] at snapNum [98] not in tree.
Warning, empty return. Subhalo [275228] at snapNum [98] not in tree.
Warning, empty return. Subhalo [275231] at snapNum [98] not in tree.
Warning, empty return. Subhalo [275232] at snapNum [98] not in tree.
Warning, empty return. Subhalo [275246] at snapNum [98] not in tree.
Warning, empty return. Subhalo [275265] at snapNum [98] not in tree.
Warning, empty return. Subhalo [275279] at snapNum [98] not in tree.
Warning, empty return. Subhalo [275281] at snapNum [98] not in tree.
Warning, empty return. Subhalo [275286] at snapNum [98] not in tree.
Warning, empty return. Subhalo [275373] at snapNum [98] not in tree.
Warning, empty return. Subhalo [282300] at snapNum [98] not in tree.
Warning, empty return. Subhalo [282304] at snapNum [98] not in tree.
Warning, empty return. Subhalo [282307] at snapNum [98] not in tree.
Warning, empty return. Subhalo [282324] at snapNum [98] not in tree.
Warning, empty return. Subhalo [282326] at snapNum [98] not in tree.
Warning, empty return. Subhalo [282377] at snapNum [98] not in tree.
Warning, empty return. Subhalo [282433] at snapNum [98] not in tree.
Warning, empty return. Subhalo [282494] at snapNum [98] not in tree.
Warning, empty return. Subhalo [288963] at snapNum [98] not in tree.
Warning, empty return. Subhalo [288973] at snapNum [98] not in tree.
Warning, empty return. Subhalo [288999] at snapNum [98] not in tree.
Warning, empty return. Subhalo [289066] at snapNum [98] not in tree.
Warning, empty return. Subhalo [300405] at snapNum [98] not in tree.
Warning, empty return. Subhalo [300409] at snapNum [98] not in tree.
Warning, empty return. Subhalo [300413] at snapNum [98] not in tree.
Warning, empty return. Subhalo [300416] at snapNum [98] not in tree.
Warning, empty return. Subhalo [300454] at snapNum [98] not in tree.
Warning, empty return. Subhalo [300460] at snapNum [98] not in tree.
Warning, empty return. Subhalo [300468] at snapNum [98] not in tree.
Warning, empty return. Subhalo [300481] at snapNum [98] not in tree.
Warning, empty return. Subhalo [300607] at snapNum [98] not in tree.
Warning, empty return. Subhalo [300622] at snapNum [98] not in tree.
Warning, empty return. Subhalo [306984] at snapNum [98] not in tree.
Warning, empty return. Subhalo [306985] at snapNum [98] not in tree.
Warning, empty return. Subhalo [306987] at snapNum [98] not in tree.
Warning, empty return. Subhalo [313241] at snapNum [98] not in tree.
Warning, empty return. Subhalo [319319] at snapNum [98] not in tree.
Warning, empty return. Subhalo [323674] at snapNum [98] not in tree.
Warning, empty return. Subhalo [323683] at snapNum [98] not in tree.
Warning, empty return. Subhalo [323696] at snapNum [98] not in tree.
Warning, empty return. Subhalo [323710] at snapNum [98] not in tree.
Warning, empty return. Subhalo [323745] at snapNum [98] not in tree.
Warning, empty return. Subhalo [323748] at snapNum [98] not in tree.
Warning, empty return. Subhalo [323798] at snapNum [98] not in tree.
Warning, empty return. Subhalo [338263] at snapNum [98] not in tree.
Warning, empty return. Subhalo [342238] at snapNum [98] not in tree.
Warning, empty return. Subhalo [355298] at snapNum [98] not in tree.
Warning, empty return. Subhalo [355316] at snapNum [98] not in tree.
Warning, empty return. Subhalo [355322] at snapNum [98] not in tree.
Warning, empty return. Subhalo [355339] at snapNum [98] not in tree.
Warning, empty return. Subhalo [368329] at snapNum [98] not in tree.
Warning, empty return. Subhalo [368330] at snapNum [98] not in tree.
Warning, empty return. Subhalo [368345] at snapNum [98] not in tree.
Warning, empty return. Subhalo [383697] at snapNum [98] not in tree.
Warning, empty return. Subhalo [383699] at snapNum [98] not in tree.
Warning, empty return. Subhalo [383704] at snapNum [98] not in tree.
Warning, empty return. Subhalo [383719] at snapNum [98] not in tree.
Warning, empty return. Subhalo [385918] at snapNum [98] not in tree.
Warning, empty return. Subhalo [423247] at snapNum [98] not in tree.
Warning, empty return. Subhalo [423248] at snapNum [98] not in tree.
Warning, empty return. Subhalo [423249] at snapNum [98] not in tree.
Warning, empty return. Subhalo [424679] at snapNum [98] not in tree.
Warning, empty return. Subhalo [424683] at snapNum [98] not in tree.
Warning, empty return. Subhalo [424684] at snapNum [98] not in tree.
Warning, empty return. Subhalo [424698] at snapNum [98] not in tree.
Warning, empty return. Subhalo [426111] at snapNum [98] not in tree.
Warning, empty return. Subhalo [426122] at snapNum [98] not in tree.
Warning, empty return. Subhalo [431049] at snapNum [98] not in tree.
Warning, empty return. Subhalo [432276] at snapNum [98] not in tree.
Warning, empty return. Subhalo [434734] at snapNum [98] not in tree.
Warning, empty return. Subhalo [434737] at snapNum [98] not in tree.
Warning, empty return. Subhalo [434739] at snapNum [98] not in tree.
Warning, empty return. Subhalo [435708] at snapNum [98] not in tree.
Warning, empty return. Subhalo [435734] at snapNum [98] not in tree.
Warning, empty return. Subhalo [435738] at snapNum [98] not in tree.
Warning, empty return. Subhalo [435740] at snapNum [98] not in tree.
Warning, empty return. Subhalo [436893] at snapNum [98] not in tree.
Warning, empty return. Subhalo [436894] at snapNum [98] not in tree.
Warning, empty return. Subhalo [436900] at snapNum [98] not in tree.
Warning, empty return. Subhalo [438071] at snapNum [98] not in tree.
Warning, empty return. Subhalo [445829] at snapNum [98] not in tree.
Warning, empty return. Subhalo [445830] at snapNum [98] not in tree.
Warning, empty return. Subhalo [445832] at snapNum [98] not in tree.
Warning, empty return. Subhalo [445837] at snapNum [98] not in tree.
Warning, empty return. Subhalo [445843] at snapNum [98] not in tree.
Warning, empty return. Subhalo [445859] at snapNum [98] not in tree.
Warning, empty return. Subhalo [451944] at snapNum [98] not in tree.
Warning, empty return. Subhalo [470809] at snapNum [98] not in tree.
Warning, empty return. Subhalo [473850] at snapNum [98] not in tree.
Warning, empty return. Subhalo [475050] at snapNum [98] not in tree.
Warning, empty return. Subhalo [478111] at snapNum [98] not in tree.
Warning, empty return. Subhalo [478113] at snapNum [98] not in tree.
Warning, empty return. Subhalo [478972] at snapNum [98] not in tree.
Warning, empty return. Subhalo [501308] at snapNum [98] not in tree.
Warning, empty return. Subhalo [502956] at snapNum [98] not in tree.
Warning, empty return. Subhalo [510209] at snapNum [98] not in tree.
Warning, empty return. Subhalo [517331] at snapNum [98] not in tree.
Warning, empty return. Subhalo [535472] at snapNum [98] not in tree.
Warning, empty return. Subhalo [535473] at snapNum [98] not in tree.
Warning, empty return. Subhalo [547409] at snapNum [98] not in tree.
Warning, empty return. Subhalo [548453] at snapNum [98] not in tree.
Warning, empty return. Subhalo [552980] at snapNum [98] not in tree.
Warning, empty return. Subhalo [565409] at snapNum [98] not in tree.
Warning, empty return. Subhalo [1005201] at snapNum [98] not in tree.
Run L35n2160TNG
Snapnum 98
number of length 1 250
total number run 8912 total number of mergers above a mass ratio of  0.1 # =  24
fractional 0.0026929982046678637
merger id list [65315, 118215, 300379, 414268, 418619, 426095, 429793, 451931, 483898, 494223, 568062, 568064, 588826, 593038, 644769, 676161, 681147, 690821, 718894, 753018, 758323, 775090, 776368, 797185]
mass ratios [0.20958613, 0.3338802, 1.770318, 0.30134642, 0.26664326, 1.2027972, 1.2417935, 1.0348268, 0.41240564, 1.080502, 1.020479, 0.9316068, 0.6890341, 0.30199835, 0.34441742, 1.1540129, 0.26196092, 0.2015039, 0.17042823, 0.22961703, 0.35001233, 0.53245777, 0.1009836, 0.33621708]
number of stellar particles [50502, 8815, 328673, 2932884, 1113811, 8728, 43290, 8410, 1376059, 17887, 7397, 1928, 294669, 246771, 79744, 32996, 31174, 3537, 33493, 5766, 3802, 1577, 1819, 3273]
stellar mass [2921740500.0, 490902340.0, 24269290000.0, 167615370000.0, 64293368000.0, 657006340.0, 3175510800.0, 598254340.0, 81050300000.0, 1217837800.0, 505170660.0, 127626856.0, 17934240000.0, 14599887000.0, 4769095700.0, 2006505100.0, 1816343700.0, 202820580.0, 1876155300.0, 320970200.0, 222109150.0, 87827250.0, 109189390.0, 188029700.0]
descendent ids [65315, 118215, 300379, 414268, 418619, 426095, 429793, 451931, 483898, 494223, 568062, 568064, 588826, 593038, 644769, 676161, 681147, 690821, 718894, 753018, 758323, 775090, 776368, 797185]
first prog ids [67365, 739050, 290052, 409194, 414734, 418744, 419765, 436305, 478539, 490308, 558844, 563521, 583959, 587894, 639603, 671636, 676467, 686424, 714114, 747694, 753044, 772840, 771650, 791381]
next prog ids [67597, 739051, 290051, 409196, 414740, 420895, 423164, 441864, 478540, 490631, 563517, 558847, 583960, 587895, 639604, 671634, 676469, 686439, 714117, 747696, 753045, 772841, 771652, 791383]
close file
~~~~~~~~~~~~~~~~~~~~~~~
finding mergers at this snapnum 99
tracing them to this snapshot 98
this is the bin center 99
~~~~~~~~~~~~~~~~~~~~~~~~~
does not exist yet  Tables/Aimee_SF/99/mergers_snap_from_99_at_98_L35n2160TNG.txt
line before stuck dict_keys(['9', '10', '11', '12', '13', '14', '15', '16', '17', '18', '19', '20', '21', '22', '23', '24', '25', '26', '27', '28', '30', '31', '32', '33', '34', '35', '36', '37', '38', '39', '40', '41', '42', '47', '48', '49', '50', '51', '52', '53', '56', '57', '58', '59', '60', '61', '62', '65', '66', '67', '68', '69', '70', '71', '72', '73', '74', '75', '76', '77', '78', '79', '80', '81', '82', '83', '84', '85', '86', '96', '97', '98', '99'])
Running, difference in lbt 0.1364882199999968
min and max 0 98
snap doesnt exist in dictionary
snap doesnt exist in dictionary
snap doesnt exist in dictionary
snap doesnt exist in dictionary
snap doesnt exist in dictionary
snap doesnt exist in dictionary
snap doesnt exist in dictionary
snap doesnt exist in dictionary
snap doesnt exist in dictionary
snap doesnt exist in dictionary
snap doesnt exist in dictionary
snap doesnt exist in dictionary
snap doesnt exist in dictionary
snap doesnt exist in dictionary
snap doesnt exist in dictionary
snap doesnt exist in dictionary
snap doesnt exist in dictionary
snap doesnt exist in dictionary
snap doesnt exist in dictionary
snap doesnt exist in dictionary
snap doesnt exist in dictionary
snap doesnt exist in dictionary
snap doesnt exist in dictionary
snap doesnt exist in dictionary
snap doesnt exist in dictionary
snap doesnt exist in dictionary
min and max 97 100
list snaps bin center [98 99]
list snaps redshift bin [98 99]
can find mergers in these snaps [98, 99]
Snap in snap list
Include descendants? True
Include progenitors? False
Lower baryonic mass limit 84145261.29317981
getting subhalos from this snapnum 99
z 2.220446049250313e-16 a 0.9999999999999998
0.3075 67.74 km / (Mpc s)
0.3089 0.6911
lookback time 3.205100200204893e-15 Gyr
length of all subhalos at this snapshot 9387
getting subhalos from the center snapshot 98
z 0.009521666967944764 a 0.99056814006128
0.3075 67.74 km / (Mpc s)
0.3089 0.6911
lookback time 0.13648821891469304 Gyr
length of selection 163942
length of all subhalos at center snapshot 163942
Warning, empty return. Subhalo [100] at snapNum [99] not in tree.
Warning, empty return. Subhalo [120] at snapNum [99] not in tree.
Warning, empty return. Subhalo [125] at snapNum [99] not in tree.
Warning, empty return. Subhalo [144] at snapNum [99] not in tree.
Warning, empty return. Subhalo [148] at snapNum [99] not in tree.
Warning, empty return. Subhalo [158] at snapNum [99] not in tree.
Warning, empty return. Subhalo [160] at snapNum [99] not in tree.
Warning, empty return. Subhalo [161] at snapNum [99] not in tree.
Warning, empty return. Subhalo [166] at snapNum [99] not in tree.
Warning, empty return. Subhalo [169] at snapNum [99] not in tree.
Warning, empty return. Subhalo [173] at snapNum [99] not in tree.
Warning, empty return. Subhalo [174] at snapNum [99] not in tree.
Warning, empty return. Subhalo [188] at snapNum [99] not in tree.
Warning, empty return. Subhalo [192] at snapNum [99] not in tree.
Warning, empty return. Subhalo [204] at snapNum [99] not in tree.
Warning, empty return. Subhalo [210] at snapNum [99] not in tree.
Warning, empty return. Subhalo [223] at snapNum [99] not in tree.
Warning, empty return. Subhalo [240] at snapNum [99] not in tree.
Warning, empty return. Subhalo [255] at snapNum [99] not in tree.
Warning, empty return. Subhalo [258] at snapNum [99] not in tree.
Warning, empty return. Subhalo [263] at snapNum [99] not in tree.
Warning, empty return. Subhalo [269] at snapNum [99] not in tree.
Warning, empty return. Subhalo [270] at snapNum [99] not in tree.
Warning, empty return. Subhalo [271] at snapNum [99] not in tree.
Warning, empty return. Subhalo [274] at snapNum [99] not in tree.
Warning, empty return. Subhalo [278] at snapNum [99] not in tree.
Warning, empty return. Subhalo [294] at snapNum [99] not in tree.
Warning, empty return. Subhalo [299] at snapNum [99] not in tree.
Warning, empty return. Subhalo [303] at snapNum [99] not in tree.
Warning, empty return. Subhalo [304] at snapNum [99] not in tree.
Warning, empty return. Subhalo [329] at snapNum [99] not in tree.
Warning, empty return. Subhalo [349] at snapNum [99] not in tree.
Warning, empty return. Subhalo [356] at snapNum [99] not in tree.
Warning, empty return. Subhalo [365] at snapNum [99] not in tree.
Warning, empty return. Subhalo [372] at snapNum [99] not in tree.
Warning, empty return. Subhalo [398] at snapNum [99] not in tree.
Warning, empty return. Subhalo [404] at snapNum [99] not in tree.
Warning, empty return. Subhalo [414] at snapNum [99] not in tree.
Warning, empty return. Subhalo [427] at snapNum [99] not in tree.
Warning, empty return. Subhalo [433] at snapNum [99] not in tree.
Warning, empty return. Subhalo [434] at snapNum [99] not in tree.
Warning, empty return. Subhalo [443] at snapNum [99] not in tree.
Warning, empty return. Subhalo [516] at snapNum [99] not in tree.
Warning, empty return. Subhalo [541] at snapNum [99] not in tree.
Warning, empty return. Subhalo [617] at snapNum [99] not in tree.
Warning, empty return. Subhalo [658] at snapNum [99] not in tree.
Warning, empty return. Subhalo [757] at snapNum [99] not in tree.
Warning, empty return. Subhalo [778] at snapNum [99] not in tree.
Warning, empty return. Subhalo [1121] at snapNum [99] not in tree.
Warning, empty return. Subhalo [1144] at snapNum [99] not in tree.
Warning, empty return. Subhalo [1169] at snapNum [99] not in tree.
Warning, empty return. Subhalo [1325] at snapNum [99] not in tree.
Warning, empty return. Subhalo [1532] at snapNum [99] not in tree.
Warning, empty return. Subhalo [64056] at snapNum [99] not in tree.
Warning, empty return. Subhalo [64162] at snapNum [99] not in tree.
Warning, empty return. Subhalo [64192] at snapNum [99] not in tree.
Warning, empty return. Subhalo [64254] at snapNum [99] not in tree.
Warning, empty return. Subhalo [64428] at snapNum [99] not in tree.
Warning, empty return. Subhalo [64603] at snapNum [99] not in tree.
Warning, empty return. Subhalo [96838] at snapNum [99] not in tree.
Warning, empty return. Subhalo [96839] at snapNum [99] not in tree.
Warning, empty return. Subhalo [96897] at snapNum [99] not in tree.
Warning, empty return. Subhalo [97029] at snapNum [99] not in tree.
Warning, empty return. Subhalo [97098] at snapNum [99] not in tree.
Warning, empty return. Subhalo [97248] at snapNum [99] not in tree.
Warning, empty return. Subhalo [97499] at snapNum [99] not in tree.
Warning, empty return. Subhalo [117319] at snapNum [99] not in tree.
Warning, empty return. Subhalo [117323] at snapNum [99] not in tree.
Warning, empty return. Subhalo [117330] at snapNum [99] not in tree.
Warning, empty return. Subhalo [117343] at snapNum [99] not in tree.
Warning, empty return. Subhalo [117346] at snapNum [99] not in tree.
Warning, empty return. Subhalo [117397] at snapNum [99] not in tree.
Warning, empty return. Subhalo [117438] at snapNum [99] not in tree.
Warning, empty return. Subhalo [117444] at snapNum [99] not in tree.
Warning, empty return. Subhalo [117446] at snapNum [99] not in tree.
Warning, empty return. Subhalo [117459] at snapNum [99] not in tree.
Warning, empty return. Subhalo [117497] at snapNum [99] not in tree.
Warning, empty return. Subhalo [117841] at snapNum [99] not in tree.
Warning, empty return. Subhalo [118065] at snapNum [99] not in tree.
Warning, empty return. Subhalo [144006] at snapNum [99] not in tree.
Warning, empty return. Subhalo [144032] at snapNum [99] not in tree.
Warning, empty return. Subhalo [144094] at snapNum [99] not in tree.
Warning, empty return. Subhalo [144167] at snapNum [99] not in tree.
Warning, empty return. Subhalo [144245] at snapNum [99] not in tree.
Warning, empty return. Subhalo [144583] at snapNum [99] not in tree.
Warning, empty return. Subhalo [144595] at snapNum [99] not in tree.
Warning, empty return. Subhalo [167461] at snapNum [99] not in tree.
Warning, empty return. Subhalo [167546] at snapNum [99] not in tree.
Warning, empty return. Subhalo [167574] at snapNum [99] not in tree.
Warning, empty return. Subhalo [167676] at snapNum [99] not in tree.
Warning, empty return. Subhalo [167691] at snapNum [99] not in tree.
Warning, empty return. Subhalo [167811] at snapNum [99] not in tree.
Warning, empty return. Subhalo [185022] at snapNum [99] not in tree.
Warning, empty return. Subhalo [185232] at snapNum [99] not in tree.
Warning, empty return. Subhalo [198224] at snapNum [99] not in tree.
Warning, empty return. Subhalo [198258] at snapNum [99] not in tree.
Warning, empty return. Subhalo [198273] at snapNum [99] not in tree.
Warning, empty return. Subhalo [208892] at snapNum [99] not in tree.
Warning, empty return. Subhalo [208932] at snapNum [99] not in tree.
Warning, empty return. Subhalo [208935] at snapNum [99] not in tree.
Warning, empty return. Subhalo [208968] at snapNum [99] not in tree.
Warning, empty return. Subhalo [220650] at snapNum [99] not in tree.
Warning, empty return. Subhalo [220656] at snapNum [99] not in tree.
Warning, empty return. Subhalo [220715] at snapNum [99] not in tree.
Warning, empty return. Subhalo [220721] at snapNum [99] not in tree.
Warning, empty return. Subhalo [220728] at snapNum [99] not in tree.
Warning, empty return. Subhalo [229980] at snapNum [99] not in tree.
Warning, empty return. Subhalo [229986] at snapNum [99] not in tree.
Warning, empty return. Subhalo [230047] at snapNum [99] not in tree.
Warning, empty return. Subhalo [242845] at snapNum [99] not in tree.
Warning, empty return. Subhalo [242854] at snapNum [99] not in tree.
Warning, empty return. Subhalo [242891] at snapNum [99] not in tree.
Warning, empty return. Subhalo [242896] at snapNum [99] not in tree.
Warning, empty return. Subhalo [253909] at snapNum [99] not in tree.
Warning, empty return. Subhalo [253920] at snapNum [99] not in tree.
Warning, empty return. Subhalo [253967] at snapNum [99] not in tree.
Warning, empty return. Subhalo [253968] at snapNum [99] not in tree.
Warning, empty return. Subhalo [254073] at snapNum [99] not in tree.
Warning, empty return. Subhalo [254144] at snapNum [99] not in tree.
Warning, empty return. Subhalo [265046] at snapNum [99] not in tree.
Warning, empty return. Subhalo [275575] at snapNum [99] not in tree.
Warning, empty return. Subhalo [275579] at snapNum [99] not in tree.
Warning, empty return. Subhalo [275580] at snapNum [99] not in tree.
Warning, empty return. Subhalo [275585] at snapNum [99] not in tree.
Warning, empty return. Subhalo [275588] at snapNum [99] not in tree.
Warning, empty return. Subhalo [275589] at snapNum [99] not in tree.
Warning, empty return. Subhalo [275590] at snapNum [99] not in tree.
Warning, empty return. Subhalo [275598] at snapNum [99] not in tree.
Warning, empty return. Subhalo [275606] at snapNum [99] not in tree.
Warning, empty return. Subhalo [275615] at snapNum [99] not in tree.
Warning, empty return. Subhalo [275622] at snapNum [99] not in tree.
Warning, empty return. Subhalo [275623] at snapNum [99] not in tree.
Warning, empty return. Subhalo [275624] at snapNum [99] not in tree.
Warning, empty return. Subhalo [275629] at snapNum [99] not in tree.
Warning, empty return. Subhalo [275638] at snapNum [99] not in tree.
Warning, empty return. Subhalo [275661] at snapNum [99] not in tree.
Warning, empty return. Subhalo [275670] at snapNum [99] not in tree.
Warning, empty return. Subhalo [275677] at snapNum [99] not in tree.
Warning, empty return. Subhalo [275688] at snapNum [99] not in tree.
Warning, empty return. Subhalo [275692] at snapNum [99] not in tree.
Warning, empty return. Subhalo [282809] at snapNum [99] not in tree.
Warning, empty return. Subhalo [282812] at snapNum [99] not in tree.
Warning, empty return. Subhalo [282816] at snapNum [99] not in tree.
Warning, empty return. Subhalo [282835] at snapNum [99] not in tree.
Warning, empty return. Subhalo [282839] at snapNum [99] not in tree.
Warning, empty return. Subhalo [282892] at snapNum [99] not in tree.
Warning, empty return. Subhalo [282994] at snapNum [99] not in tree.
Warning, empty return. Subhalo [289415] at snapNum [99] not in tree.
Warning, empty return. Subhalo [289422] at snapNum [99] not in tree.
Warning, empty return. Subhalo [289458] at snapNum [99] not in tree.
Warning, empty return. Subhalo [289520] at snapNum [99] not in tree.
Warning, empty return. Subhalo [300941] at snapNum [99] not in tree.
Warning, empty return. Subhalo [300965] at snapNum [99] not in tree.
Warning, empty return. Subhalo [300972] at snapNum [99] not in tree.
Warning, empty return. Subhalo [300978] at snapNum [99] not in tree.
Warning, empty return. Subhalo [301001] at snapNum [99] not in tree.
Warning, empty return. Subhalo [301010] at snapNum [99] not in tree.
Warning, empty return. Subhalo [301105] at snapNum [99] not in tree.
Warning, empty return. Subhalo [307520] at snapNum [99] not in tree.
Warning, empty return. Subhalo [307521] at snapNum [99] not in tree.
Warning, empty return. Subhalo [307522] at snapNum [99] not in tree.
Warning, empty return. Subhalo [307524] at snapNum [99] not in tree.
Warning, empty return. Subhalo [307536] at snapNum [99] not in tree.
Warning, empty return. Subhalo [313735] at snapNum [99] not in tree.
Warning, empty return. Subhalo [324167] at snapNum [99] not in tree.
Warning, empty return. Subhalo [324183] at snapNum [99] not in tree.
Warning, empty return. Subhalo [324185] at snapNum [99] not in tree.
Warning, empty return. Subhalo [324237] at snapNum [99] not in tree.
Warning, empty return. Subhalo [324241] at snapNum [99] not in tree.
Warning, empty return. Subhalo [324290] at snapNum [99] not in tree.
Warning, empty return. Subhalo [338475] at snapNum [99] not in tree.
Warning, empty return. Subhalo [342502] at snapNum [99] not in tree.
Warning, empty return. Subhalo [342515] at snapNum [99] not in tree.
Warning, empty return. Subhalo [342530] at snapNum [99] not in tree.
Warning, empty return. Subhalo [342591] at snapNum [99] not in tree.
Warning, empty return. Subhalo [355751] at snapNum [99] not in tree.
Warning, empty return. Subhalo [355755] at snapNum [99] not in tree.
Warning, empty return. Subhalo [355764] at snapNum [99] not in tree.
Warning, empty return. Subhalo [355778] at snapNum [99] not in tree.
Warning, empty return. Subhalo [355783] at snapNum [99] not in tree.
Warning, empty return. Subhalo [355785] at snapNum [99] not in tree.
Warning, empty return. Subhalo [368862] at snapNum [99] not in tree.
Warning, empty return. Subhalo [368863] at snapNum [99] not in tree.
Warning, empty return. Subhalo [368880] at snapNum [99] not in tree.
Warning, empty return. Subhalo [371140] at snapNum [99] not in tree.
Warning, empty return. Subhalo [372770] at snapNum [99] not in tree.
Warning, empty return. Subhalo [377692] at snapNum [99] not in tree.
Warning, empty return. Subhalo [382226] at snapNum [99] not in tree.
Warning, empty return. Subhalo [386300] at snapNum [99] not in tree.
Warning, empty return. Subhalo [386310] at snapNum [99] not in tree.
Warning, empty return. Subhalo [386319] at snapNum [99] not in tree.
Warning, empty return. Subhalo [424307] at snapNum [99] not in tree.
Warning, empty return. Subhalo [424308] at snapNum [99] not in tree.
Warning, empty return. Subhalo [425746] at snapNum [99] not in tree.
Warning, empty return. Subhalo [425754] at snapNum [99] not in tree.
Warning, empty return. Subhalo [425774] at snapNum [99] not in tree.
Warning, empty return. Subhalo [427228] at snapNum [99] not in tree.
Warning, empty return. Subhalo [427230] at snapNum [99] not in tree.
Warning, empty return. Subhalo [427237] at snapNum [99] not in tree.
Warning, empty return. Subhalo [427247] at snapNum [99] not in tree.
Warning, empty return. Subhalo [430894] at snapNum [99] not in tree.
Warning, empty return. Subhalo [430895] at snapNum [99] not in tree.
Warning, empty return. Subhalo [433311] at snapNum [99] not in tree.
Warning, empty return. Subhalo [435811] at snapNum [99] not in tree.
Warning, empty return. Subhalo [436954] at snapNum [99] not in tree.
Warning, empty return. Subhalo [436982] at snapNum [99] not in tree.
Warning, empty return. Subhalo [436986] at snapNum [99] not in tree.
Warning, empty return. Subhalo [438153] at snapNum [99] not in tree.
Warning, empty return. Subhalo [438157] at snapNum [99] not in tree.
Warning, empty return. Subhalo [445643] at snapNum [99] not in tree.
Warning, empty return. Subhalo [445644] at snapNum [99] not in tree.
Warning, empty return. Subhalo [445653] at snapNum [99] not in tree.
Warning, empty return. Subhalo [445654] at snapNum [99] not in tree.
Warning, empty return. Subhalo [445657] at snapNum [99] not in tree.
Warning, empty return. Subhalo [445660] at snapNum [99] not in tree.
Warning, empty return. Subhalo [445675] at snapNum [99] not in tree.
Warning, empty return. Subhalo [445687] at snapNum [99] not in tree.
Warning, empty return. Subhalo [456341] at snapNum [99] not in tree.
Warning, empty return. Subhalo [456345] at snapNum [99] not in tree.
Warning, empty return. Subhalo [470353] at snapNum [99] not in tree.
Warning, empty return. Subhalo [470356] at snapNum [99] not in tree.
Warning, empty return. Subhalo [474026] at snapNum [99] not in tree.
Warning, empty return. Subhalo [475033] at snapNum [99] not in tree.
Warning, empty return. Subhalo [476280] at snapNum [99] not in tree.
Warning, empty return. Subhalo [479303] at snapNum [99] not in tree.
Warning, empty return. Subhalo [479951] at snapNum [99] not in tree.
Warning, empty return. Subhalo [479955] at snapNum [99] not in tree.
Warning, empty return. Subhalo [482893] at snapNum [99] not in tree.
Warning, empty return. Subhalo [503447] at snapNum [99] not in tree.
Warning, empty return. Subhalo [503448] at snapNum [99] not in tree.
Warning, empty return. Subhalo [503457] at snapNum [99] not in tree.
Warning, empty return. Subhalo [510284] at snapNum [99] not in tree.
Warning, empty return. Subhalo [510293] at snapNum [99] not in tree.
Warning, empty return. Subhalo [511309] at snapNum [99] not in tree.
Warning, empty return. Subhalo [511311] at snapNum [99] not in tree.
Warning, empty return. Subhalo [511316] at snapNum [99] not in tree.
Warning, empty return. Subhalo [532774] at snapNum [99] not in tree.
Warning, empty return. Subhalo [533075] at snapNum [99] not in tree.
Warning, empty return. Subhalo [535056] at snapNum [99] not in tree.
Warning, empty return. Subhalo [535781] at snapNum [99] not in tree.
Warning, empty return. Subhalo [537239] at snapNum [99] not in tree.
Warning, empty return. Subhalo [540460] at snapNum [99] not in tree.
Warning, empty return. Subhalo [548795] at snapNum [99] not in tree.
Warning, empty return. Subhalo [559039] at snapNum [99] not in tree.
Warning, empty return. Subhalo [559041] at snapNum [99] not in tree.
Warning, empty return. Subhalo [586678] at snapNum [99] not in tree.
Warning, empty return. Subhalo [607716] at snapNum [99] not in tree.
Warning, empty return. Subhalo [1018223] at snapNum [99] not in tree.
Run L35n2160TNG
Snapnum 99
number of length 1 203
total number run 8932 total number of mergers above a mass ratio of  0.1 # =  20
fractional 0.0022391401701746527
merger id list [352426, 371136, 416713, 430866, 470346, 477337, 492251, 510283, 563050, 575194, 583747, 614626, 655988, 669749, 729962, 740413, 759056, 792552, 811140, 834999]
mass ratios [0.2554359, 1.4012895, 0.113390476, 0.38234618, 0.18416524, 0.9807765, 0.97495663, 0.97509146, 0.1969354, 1.009883, 0.44946152, 1.113079, 0.53590477, 1.0738059, 0.9124839, 0.45164505, 0.34807163, 0.101105556, 0.17454936, 0.6884172]
number of stellar particles [5624035, 6149, 2400483, 114422, 109420, 16712, 22351, 5760, 161734, 1283, 4107, 69088, 32848, 31630, 3647, 5199, 1970, 2693, 2476, 1522]
stellar mass [325012260000.0, 450931550.0, 137253536000.0, 6812130000.0, 6987716000.0, 1173525200.0, 1465287000.0, 382421920.0, 9872975000.0, 84957096.0, 269330600.0, 4147654400.0, 2015852000.0, 1900021900.0, 213410940.0, 318060380.0, 119338890.0, 160380380.0, 145437140.0, 87937080.0]
descendent ids [352426, 371136, 416713, 430866, 470346, 477337, 492251, 510283, 563050, 575194, 583747, 614626, 655988, 669749, 729962, 740413, 759056, 792552, 811140, 834999]
first prog ids [348689, 359993, 415269, 429994, 464728, 473547, 485196, 502582, 560955, 569328, 580986, 608624, 650772, 666307, 725865, 733784, 766787, 786584, 805455, 831809]
next prog ids [348690, 364994, 415278, 430017, 464733, 470117, 488222, 499917, 560959, 570545, 579221, 608621, 650773, 666306, 725862, 733787, 766790, 786586, 805456, 831808]
close file
~~~~~~~~~~~~~~~~~~~~~~~
finding mergers at this snapnum 96
tracing them to this snapshot 99
this is the bin center 99
~~~~~~~~~~~~~~~~~~~~~~~~~
does not exist yet  Tables/Aimee_SF/99/mergers_snap_from_96_at_99_L35n2160TNG.txt
line before stuck dict_keys(['9', '10', '11', '12', '13', '14', '15', '16', '17', '18', '19', '20', '21', '22', '23', '24', '25', '26', '27', '28', '30', '31', '32', '33', '34', '35', '36', '37', '38', '39', '40', '41', '42', '47', '48', '49', '50', '51', '52', '53', '56', '57', '58', '59', '60', '61', '62', '65', '66', '67', '68', '69', '70', '71', '72', '73', '74', '75', '76', '77', '78', '79', '80', '81', '82', '83', '84', '85', '86', '96', '97', '98', '99'])
outside of redshift bin
~~~~~~~~~~~~~~~~~~~~~~~
finding mergers at this snapnum 97
tracing them to this snapshot 99
this is the bin center 99
~~~~~~~~~~~~~~~~~~~~~~~~~
does not exist yet  Tables/Aimee_SF/99/mergers_snap_from_97_at_99_L35n2160TNG.txt
line before stuck dict_keys(['9', '10', '11', '12', '13', '14', '15', '16', '17', '18', '19', '20', '21', '22', '23', '24', '25', '26', '27', '28', '30', '31', '32', '33', '34', '35', '36', '37', '38', '39', '40', '41', '42', '47', '48', '49', '50', '51', '52', '53', '56', '57', '58', '59', '60', '61', '62', '65', '66', '67', '68', '69', '70', '71', '72', '73', '74', '75', '76', '77', '78', '79', '80', '81', '82', '83', '84', '85', '86', '96', '97', '98', '99'])
outside of redshift bin
~~~~~~~~~~~~~~~~~~~~~~~
finding mergers at this snapnum 98
tracing them to this snapshot 99
this is the bin center 99
~~~~~~~~~~~~~~~~~~~~~~~~~
does not exist yet  Tables/Aimee_SF/99/mergers_snap_from_98_at_99_L35n2160TNG.txt
line before stuck dict_keys(['9', '10', '11', '12', '13', '14', '15', '16', '17', '18', '19', '20', '21', '22', '23', '24', '25', '26', '27', '28', '30', '31', '32', '33', '34', '35', '36', '37', '38', '39', '40', '41', '42', '47', '48', '49', '50', '51', '52', '53', '56', '57', '58', '59', '60', '61', '62', '65', '66', '67', '68', '69', '70', '71', '72', '73', '74', '75', '76', '77', '78', '79', '80', '81', '82', '83', '84', '85', '86', '96', '97', '98', '99'])
Running, difference in lbt 0.1364882199999968
min and max 0 98
snap doesnt exist in dictionary
snap doesnt exist in dictionary
snap doesnt exist in dictionary
snap doesnt exist in dictionary
snap doesnt exist in dictionary
snap doesnt exist in dictionary
snap doesnt exist in dictionary
snap doesnt exist in dictionary
snap doesnt exist in dictionary
snap doesnt exist in dictionary
snap doesnt exist in dictionary
snap doesnt exist in dictionary
snap doesnt exist in dictionary
snap doesnt exist in dictionary
snap doesnt exist in dictionary
snap doesnt exist in dictionary
snap doesnt exist in dictionary
snap doesnt exist in dictionary
snap doesnt exist in dictionary
snap doesnt exist in dictionary
snap doesnt exist in dictionary
snap doesnt exist in dictionary
snap doesnt exist in dictionary
snap doesnt exist in dictionary
snap doesnt exist in dictionary
snap doesnt exist in dictionary
min and max 97 100
list snaps bin center [98 99]
list snaps redshift bin [98 99]
can find mergers in these snaps [98, 99]
Snap in snap list
Include descendants? False
Include progenitors? True
Lower baryonic mass limit 84145261.29317981
getting subhalos from this snapnum 98
z 0.009521666967944764 a 0.99056814006128
0.3075 67.74 km / (Mpc s)
0.3089 0.6911
lookback time 0.13648821891469304 Gyr
length of all subhalos at this snapshot 9402
getting subhalos from the center snapshot 99
z 2.220446049250313e-16 a 0.9999999999999998
0.3075 67.74 km / (Mpc s)
0.3089 0.6911
lookback time 3.205100200204893e-15 Gyr
length of selection 163267
length of all subhalos at center snapshot 163267
Warning, empty return. Subhalo [104] at snapNum [98] not in tree.
Warning, empty return. Subhalo [127] at snapNum [98] not in tree.
Warning, empty return. Subhalo [142] at snapNum [98] not in tree.
Warning, empty return. Subhalo [149] at snapNum [98] not in tree.
Warning, empty return. Subhalo [162] at snapNum [98] not in tree.
Warning, empty return. Subhalo [164] at snapNum [98] not in tree.
Warning, empty return. Subhalo [166] at snapNum [98] not in tree.
Warning, empty return. Subhalo [172] at snapNum [98] not in tree.
Warning, empty return. Subhalo [179] at snapNum [98] not in tree.
Warning, empty return. Subhalo [181] at snapNum [98] not in tree.
Warning, empty return. Subhalo [195] at snapNum [98] not in tree.
Warning, empty return. Subhalo [204] at snapNum [98] not in tree.
Warning, empty return. Subhalo [208] at snapNum [98] not in tree.
Warning, empty return. Subhalo [221] at snapNum [98] not in tree.
Warning, empty return. Subhalo [237] at snapNum [98] not in tree.
Warning, empty return. Subhalo [243] at snapNum [98] not in tree.
Warning, empty return. Subhalo [246] at snapNum [98] not in tree.
Warning, empty return. Subhalo [252] at snapNum [98] not in tree.
Warning, empty return. Subhalo [268] at snapNum [98] not in tree.
Warning, empty return. Subhalo [271] at snapNum [98] not in tree.
Warning, empty return. Subhalo [272] at snapNum [98] not in tree.
Warning, empty return. Subhalo [276] at snapNum [98] not in tree.
Warning, empty return. Subhalo [277] at snapNum [98] not in tree.
Warning, empty return. Subhalo [279] at snapNum [98] not in tree.
Warning, empty return. Subhalo [285] at snapNum [98] not in tree.
Warning, empty return. Subhalo [307] at snapNum [98] not in tree.
Warning, empty return. Subhalo [309] at snapNum [98] not in tree.
Warning, empty return. Subhalo [312] at snapNum [98] not in tree.
Warning, empty return. Subhalo [313] at snapNum [98] not in tree.
Warning, empty return. Subhalo [314] at snapNum [98] not in tree.
Warning, empty return. Subhalo [331] at snapNum [98] not in tree.
Warning, empty return. Subhalo [333] at snapNum [98] not in tree.
Warning, empty return. Subhalo [344] at snapNum [98] not in tree.
Warning, empty return. Subhalo [346] at snapNum [98] not in tree.
Warning, empty return. Subhalo [350] at snapNum [98] not in tree.
Warning, empty return. Subhalo [353] at snapNum [98] not in tree.
Warning, empty return. Subhalo [364] at snapNum [98] not in tree.
Warning, empty return. Subhalo [365] at snapNum [98] not in tree.
Warning, empty return. Subhalo [369] at snapNum [98] not in tree.
Warning, empty return. Subhalo [373] at snapNum [98] not in tree.
Warning, empty return. Subhalo [406] at snapNum [98] not in tree.
Warning, empty return. Subhalo [422] at snapNum [98] not in tree.
Warning, empty return. Subhalo [451] at snapNum [98] not in tree.
Warning, empty return. Subhalo [487] at snapNum [98] not in tree.
Warning, empty return. Subhalo [488] at snapNum [98] not in tree.
Warning, empty return. Subhalo [512] at snapNum [98] not in tree.
Warning, empty return. Subhalo [682] at snapNum [98] not in tree.
Warning, empty return. Subhalo [691] at snapNum [98] not in tree.
Warning, empty return. Subhalo [735] at snapNum [98] not in tree.
Warning, empty return. Subhalo [776] at snapNum [98] not in tree.
Warning, empty return. Subhalo [1100] at snapNum [98] not in tree.
Warning, empty return. Subhalo [1232] at snapNum [98] not in tree.
Warning, empty return. Subhalo [1267] at snapNum [98] not in tree.
Warning, empty return. Subhalo [1742] at snapNum [98] not in tree.
Warning, empty return. Subhalo [2624] at snapNum [98] not in tree.
Warning, empty return. Subhalo [65485] at snapNum [98] not in tree.
Warning, empty return. Subhalo [65488] at snapNum [98] not in tree.
Warning, empty return. Subhalo [65505] at snapNum [98] not in tree.
Warning, empty return. Subhalo [65574] at snapNum [98] not in tree.
Warning, empty return. Subhalo [65608] at snapNum [98] not in tree.
Warning, empty return. Subhalo [65727] at snapNum [98] not in tree.
Warning, empty return. Subhalo [65832] at snapNum [98] not in tree.
Warning, empty return. Subhalo [66016] at snapNum [98] not in tree.
Warning, empty return. Subhalo [97848] at snapNum [98] not in tree.
Warning, empty return. Subhalo [97850] at snapNum [98] not in tree.
Warning, empty return. Subhalo [97893] at snapNum [98] not in tree.
Warning, empty return. Subhalo [98040] at snapNum [98] not in tree.
Warning, empty return. Subhalo [98239] at snapNum [98] not in tree.
Warning, empty return. Subhalo [118246] at snapNum [98] not in tree.
Warning, empty return. Subhalo [118250] at snapNum [98] not in tree.
Warning, empty return. Subhalo [118252] at snapNum [98] not in tree.
Warning, empty return. Subhalo [118254] at snapNum [98] not in tree.
Warning, empty return. Subhalo [118275] at snapNum [98] not in tree.
Warning, empty return. Subhalo [118302] at snapNum [98] not in tree.
Warning, empty return. Subhalo [118311] at snapNum [98] not in tree.
Warning, empty return. Subhalo [118326] at snapNum [98] not in tree.
Warning, empty return. Subhalo [118372] at snapNum [98] not in tree.
Warning, empty return. Subhalo [118403] at snapNum [98] not in tree.
Warning, empty return. Subhalo [118728] at snapNum [98] not in tree.
Warning, empty return. Subhalo [118881] at snapNum [98] not in tree.
Warning, empty return. Subhalo [144573] at snapNum [98] not in tree.
Warning, empty return. Subhalo [144590] at snapNum [98] not in tree.
Warning, empty return. Subhalo [144660] at snapNum [98] not in tree.
Warning, empty return. Subhalo [144678] at snapNum [98] not in tree.
Warning, empty return. Subhalo [144759] at snapNum [98] not in tree.
Warning, empty return. Subhalo [144815] at snapNum [98] not in tree.
Warning, empty return. Subhalo [145115] at snapNum [98] not in tree.
Warning, empty return. Subhalo [145162] at snapNum [98] not in tree.
Warning, empty return. Subhalo [167812] at snapNum [98] not in tree.
Warning, empty return. Subhalo [167895] at snapNum [98] not in tree.
Warning, empty return. Subhalo [167902] at snapNum [98] not in tree.
Warning, empty return. Subhalo [168021] at snapNum [98] not in tree.
Warning, empty return. Subhalo [168106] at snapNum [98] not in tree.
Warning, empty return. Subhalo [185328] at snapNum [98] not in tree.
Warning, empty return. Subhalo [185475] at snapNum [98] not in tree.
Warning, empty return. Subhalo [198608] at snapNum [98] not in tree.
Warning, empty return. Subhalo [198636] at snapNum [98] not in tree.
Warning, empty return. Subhalo [198656] at snapNum [98] not in tree.
Warning, empty return. Subhalo [198670] at snapNum [98] not in tree.
Warning, empty return. Subhalo [208960] at snapNum [98] not in tree.
Warning, empty return. Subhalo [208985] at snapNum [98] not in tree.
Warning, empty return. Subhalo [209038] at snapNum [98] not in tree.
Warning, empty return. Subhalo [209042] at snapNum [98] not in tree.
Warning, empty return. Subhalo [209053] at snapNum [98] not in tree.
Warning, empty return. Subhalo [220641] at snapNum [98] not in tree.
Warning, empty return. Subhalo [220649] at snapNum [98] not in tree.
Warning, empty return. Subhalo [220702] at snapNum [98] not in tree.
Warning, empty return. Subhalo [220863] at snapNum [98] not in tree.
Warning, empty return. Subhalo [233392] at snapNum [98] not in tree.
Warning, empty return. Subhalo [233393] at snapNum [98] not in tree.
Warning, empty return. Subhalo [233419] at snapNum [98] not in tree.
Warning, empty return. Subhalo [233439] at snapNum [98] not in tree.
Warning, empty return. Subhalo [233471] at snapNum [98] not in tree.
Warning, empty return. Subhalo [242646] at snapNum [98] not in tree.
Warning, empty return. Subhalo [242655] at snapNum [98] not in tree.
Warning, empty return. Subhalo [242681] at snapNum [98] not in tree.
Warning, empty return. Subhalo [242705] at snapNum [98] not in tree.
Warning, empty return. Subhalo [253738] at snapNum [98] not in tree.
Warning, empty return. Subhalo [253749] at snapNum [98] not in tree.
Warning, empty return. Subhalo [253787] at snapNum [98] not in tree.
Warning, empty return. Subhalo [253790] at snapNum [98] not in tree.
Warning, empty return. Subhalo [253829] at snapNum [98] not in tree.
Warning, empty return. Subhalo [253953] at snapNum [98] not in tree.
Warning, empty return. Subhalo [253974] at snapNum [98] not in tree.
Warning, empty return. Subhalo [264733] at snapNum [98] not in tree.
Warning, empty return. Subhalo [275180] at snapNum [98] not in tree.
Warning, empty return. Subhalo [275185] at snapNum [98] not in tree.
Warning, empty return. Subhalo [275186] at snapNum [98] not in tree.
Warning, empty return. Subhalo [275189] at snapNum [98] not in tree.
Warning, empty return. Subhalo [275193] at snapNum [98] not in tree.
Warning, empty return. Subhalo [275195] at snapNum [98] not in tree.
Warning, empty return. Subhalo [275203] at snapNum [98] not in tree.
Warning, empty return. Subhalo [275210] at snapNum [98] not in tree.
Warning, empty return. Subhalo [275218] at snapNum [98] not in tree.
Warning, empty return. Subhalo [275226] at snapNum [98] not in tree.
Warning, empty return. Subhalo [275228] at snapNum [98] not in tree.
Warning, empty return. Subhalo [275231] at snapNum [98] not in tree.
Warning, empty return. Subhalo [275232] at snapNum [98] not in tree.
Warning, empty return. Subhalo [275246] at snapNum [98] not in tree.
Warning, empty return. Subhalo [275265] at snapNum [98] not in tree.
Warning, empty return. Subhalo [275279] at snapNum [98] not in tree.
Warning, empty return. Subhalo [275281] at snapNum [98] not in tree.
Warning, empty return. Subhalo [275286] at snapNum [98] not in tree.
Warning, empty return. Subhalo [275373] at snapNum [98] not in tree.
Warning, empty return. Subhalo [282300] at snapNum [98] not in tree.
Warning, empty return. Subhalo [282304] at snapNum [98] not in tree.
Warning, empty return. Subhalo [282307] at snapNum [98] not in tree.
Warning, empty return. Subhalo [282324] at snapNum [98] not in tree.
Warning, empty return. Subhalo [282326] at snapNum [98] not in tree.
Warning, empty return. Subhalo [282377] at snapNum [98] not in tree.
Warning, empty return. Subhalo [282433] at snapNum [98] not in tree.
Warning, empty return. Subhalo [282494] at snapNum [98] not in tree.
Warning, empty return. Subhalo [288963] at snapNum [98] not in tree.
Warning, empty return. Subhalo [288973] at snapNum [98] not in tree.
Warning, empty return. Subhalo [288999] at snapNum [98] not in tree.
Warning, empty return. Subhalo [289066] at snapNum [98] not in tree.
Warning, empty return. Subhalo [300405] at snapNum [98] not in tree.
Warning, empty return. Subhalo [300409] at snapNum [98] not in tree.
Warning, empty return. Subhalo [300413] at snapNum [98] not in tree.
Warning, empty return. Subhalo [300416] at snapNum [98] not in tree.
Warning, empty return. Subhalo [300454] at snapNum [98] not in tree.
Warning, empty return. Subhalo [300460] at snapNum [98] not in tree.
Warning, empty return. Subhalo [300468] at snapNum [98] not in tree.
Warning, empty return. Subhalo [300481] at snapNum [98] not in tree.
Warning, empty return. Subhalo [300607] at snapNum [98] not in tree.
Warning, empty return. Subhalo [300622] at snapNum [98] not in tree.
Warning, empty return. Subhalo [306984] at snapNum [98] not in tree.
Warning, empty return. Subhalo [306985] at snapNum [98] not in tree.
Warning, empty return. Subhalo [306987] at snapNum [98] not in tree.
Warning, empty return. Subhalo [313241] at snapNum [98] not in tree.
Warning, empty return. Subhalo [319319] at snapNum [98] not in tree.
Warning, empty return. Subhalo [323674] at snapNum [98] not in tree.
Warning, empty return. Subhalo [323683] at snapNum [98] not in tree.
Warning, empty return. Subhalo [323696] at snapNum [98] not in tree.
Warning, empty return. Subhalo [323710] at snapNum [98] not in tree.
Warning, empty return. Subhalo [323745] at snapNum [98] not in tree.
Warning, empty return. Subhalo [323748] at snapNum [98] not in tree.
Warning, empty return. Subhalo [323798] at snapNum [98] not in tree.
Warning, empty return. Subhalo [338263] at snapNum [98] not in tree.
Warning, empty return. Subhalo [342238] at snapNum [98] not in tree.
Warning, empty return. Subhalo [355298] at snapNum [98] not in tree.
Warning, empty return. Subhalo [355316] at snapNum [98] not in tree.
Warning, empty return. Subhalo [355322] at snapNum [98] not in tree.
Warning, empty return. Subhalo [355339] at snapNum [98] not in tree.
Warning, empty return. Subhalo [368329] at snapNum [98] not in tree.
Warning, empty return. Subhalo [368330] at snapNum [98] not in tree.
Warning, empty return. Subhalo [368345] at snapNum [98] not in tree.
Warning, empty return. Subhalo [383697] at snapNum [98] not in tree.
Warning, empty return. Subhalo [383699] at snapNum [98] not in tree.
Warning, empty return. Subhalo [383704] at snapNum [98] not in tree.
Warning, empty return. Subhalo [383719] at snapNum [98] not in tree.
Warning, empty return. Subhalo [385918] at snapNum [98] not in tree.
Warning, empty return. Subhalo [423247] at snapNum [98] not in tree.
Warning, empty return. Subhalo [423248] at snapNum [98] not in tree.
Warning, empty return. Subhalo [423249] at snapNum [98] not in tree.
Warning, empty return. Subhalo [424679] at snapNum [98] not in tree.
Warning, empty return. Subhalo [424683] at snapNum [98] not in tree.
Warning, empty return. Subhalo [424684] at snapNum [98] not in tree.
Warning, empty return. Subhalo [424698] at snapNum [98] not in tree.
Warning, empty return. Subhalo [426111] at snapNum [98] not in tree.
Warning, empty return. Subhalo [426122] at snapNum [98] not in tree.
Warning, empty return. Subhalo [431049] at snapNum [98] not in tree.
Warning, empty return. Subhalo [432276] at snapNum [98] not in tree.
Warning, empty return. Subhalo [434734] at snapNum [98] not in tree.
Warning, empty return. Subhalo [434737] at snapNum [98] not in tree.
Warning, empty return. Subhalo [434739] at snapNum [98] not in tree.
Warning, empty return. Subhalo [435708] at snapNum [98] not in tree.
Warning, empty return. Subhalo [435734] at snapNum [98] not in tree.
Warning, empty return. Subhalo [435738] at snapNum [98] not in tree.
Warning, empty return. Subhalo [435740] at snapNum [98] not in tree.
Warning, empty return. Subhalo [436893] at snapNum [98] not in tree.
Warning, empty return. Subhalo [436894] at snapNum [98] not in tree.
Warning, empty return. Subhalo [436900] at snapNum [98] not in tree.
Warning, empty return. Subhalo [438071] at snapNum [98] not in tree.
Warning, empty return. Subhalo [445829] at snapNum [98] not in tree.
Warning, empty return. Subhalo [445830] at snapNum [98] not in tree.
Warning, empty return. Subhalo [445832] at snapNum [98] not in tree.
Warning, empty return. Subhalo [445837] at snapNum [98] not in tree.
Warning, empty return. Subhalo [445843] at snapNum [98] not in tree.
Warning, empty return. Subhalo [445859] at snapNum [98] not in tree.
Warning, empty return. Subhalo [451944] at snapNum [98] not in tree.
Warning, empty return. Subhalo [470809] at snapNum [98] not in tree.
Warning, empty return. Subhalo [473850] at snapNum [98] not in tree.
Warning, empty return. Subhalo [475050] at snapNum [98] not in tree.
Warning, empty return. Subhalo [478111] at snapNum [98] not in tree.
Warning, empty return. Subhalo [478113] at snapNum [98] not in tree.
Warning, empty return. Subhalo [478972] at snapNum [98] not in tree.
Warning, empty return. Subhalo [501308] at snapNum [98] not in tree.
Warning, empty return. Subhalo [502956] at snapNum [98] not in tree.
Warning, empty return. Subhalo [510209] at snapNum [98] not in tree.
Warning, empty return. Subhalo [517331] at snapNum [98] not in tree.
Warning, empty return. Subhalo [535472] at snapNum [98] not in tree.
Warning, empty return. Subhalo [535473] at snapNum [98] not in tree.
Warning, empty return. Subhalo [547409] at snapNum [98] not in tree.
Warning, empty return. Subhalo [548453] at snapNum [98] not in tree.
Warning, empty return. Subhalo [552980] at snapNum [98] not in tree.
Warning, empty return. Subhalo [565409] at snapNum [98] not in tree.
Warning, empty return. Subhalo [1005201] at snapNum [98] not in tree.
Run L35n2160TNG
Snapnum 98
number of length 1 250
total number run 8912 total number of mergers above a mass ratio of  0.1 # =  24
fractional 0.0026929982046678637
merger id list [65315, 118215, 300379, 414268, 418619, 426095, 429793, 451931, 483898, 494223, 568062, 568064, 588826, 593038, 644769, 676161, 681147, 690821, 718894, 753018, 758323, 775090, 776368, 797185]
mass ratios [0.20958613, 0.3338802, 1.770318, 0.30134642, 0.26664326, 1.2027972, 1.2417935, 1.0348268, 0.41240564, 1.080502, 1.020479, 0.9316068, 0.6890341, 0.30199835, 0.34441742, 1.1540129, 0.26196092, 0.2015039, 0.17042823, 0.22961703, 0.35001233, 0.53245777, 0.1009836, 0.33621708]
number of stellar particles [50502, 8815, 328673, 2932884, 1113811, 8728, 43290, 8410, 1376059, 17887, 7397, 1928, 294669, 246771, 79744, 32996, 31174, 3537, 33493, 5766, 3802, 1577, 1819, 3273]
stellar mass [2921740500.0, 490902340.0, 24269290000.0, 167615370000.0, 64293368000.0, 657006340.0, 3175510800.0, 598254340.0, 81050300000.0, 1217837800.0, 505170660.0, 127626856.0, 17934240000.0, 14599887000.0, 4769095700.0, 2006505100.0, 1816343700.0, 202820580.0, 1876155300.0, 320970200.0, 222109150.0, 87827250.0, 109189390.0, 188029700.0]
descendent ids [65315, 118215, 300379, 414268, 418619, 426095, 429793, 451931, 483898, 494223, 568062, 568064, 588826, 593038, 644769, 676161, 681147, 690821, 718894, 753018, 758323, 775090, 776368, 797185]
first prog ids [67365, 739050, 290052, 409194, 414734, 418744, 419765, 436305, 478539, 490308, 558844, 563521, 583959, 587894, 639603, 671636, 676467, 686424, 714114, 747694, 753044, 772840, 771650, 791381]
next prog ids [67597, 739051, 290051, 409196, 414740, 420895, 423164, 441864, 478540, 490631, 563517, 558847, 583960, 587895, 639604, 671634, 676469, 686439, 714117, 747696, 753045, 772841, 771652, 791383]
close file
~~~~~~~~~~~~~~~~~~~~~~~
finding mergers at this snapnum 99
tracing them to this snapshot 99
this is the bin center 99
~~~~~~~~~~~~~~~~~~~~~~~~~
does not exist yet  Tables/Aimee_SF/99/mergers_snap_from_99_at_99_L35n2160TNG.txt
line before stuck dict_keys(['9', '10', '11', '12', '13', '14', '15', '16', '17', '18', '19', '20', '21', '22', '23', '24', '25', '26', '27', '28', '30', '31', '32', '33', '34', '35', '36', '37', '38', '39', '40', '41', '42', '47', '48', '49', '50', '51', '52', '53', '56', '57', '58', '59', '60', '61', '62', '65', '66', '67', '68', '69', '70', '71', '72', '73', '74', '75', '76', '77', '78', '79', '80', '81', '82', '83', '84', '85', '86', '96', '97', '98', '99'])
Running, difference in lbt 0.0
min and max 0 98
snap doesnt exist in dictionary
snap doesnt exist in dictionary
snap doesnt exist in dictionary
snap doesnt exist in dictionary
snap doesnt exist in dictionary
snap doesnt exist in dictionary
snap doesnt exist in dictionary
snap doesnt exist in dictionary
snap doesnt exist in dictionary
snap doesnt exist in dictionary
snap doesnt exist in dictionary
snap doesnt exist in dictionary
snap doesnt exist in dictionary
snap doesnt exist in dictionary
snap doesnt exist in dictionary
snap doesnt exist in dictionary
snap doesnt exist in dictionary
snap doesnt exist in dictionary
snap doesnt exist in dictionary
snap doesnt exist in dictionary
snap doesnt exist in dictionary
snap doesnt exist in dictionary
snap doesnt exist in dictionary
snap doesnt exist in dictionary
snap doesnt exist in dictionary
snap doesnt exist in dictionary
min and max 97 100
list snaps bin center [98 99]
list snaps redshift bin [98 99]
can find mergers in these snaps [98, 99]
Snap in snap list
Include descendants? True
Include progenitors? False
Lower baryonic mass limit 84145261.29317981
getting subhalos from this snapnum 99
z 2.220446049250313e-16 a 0.9999999999999998
0.3075 67.74 km / (Mpc s)
0.3089 0.6911
lookback time 3.205100200204893e-15 Gyr
length of all subhalos at this snapshot 9387
getting subhalos from the center snapshot 99
z 2.220446049250313e-16 a 0.9999999999999998
0.3075 67.74 km / (Mpc s)
0.3089 0.6911
lookback time 3.205100200204893e-15 Gyr
length of selection 163267
length of all subhalos at center snapshot 163267
Warning, empty return. Subhalo [100] at snapNum [99] not in tree.
Warning, empty return. Subhalo [120] at snapNum [99] not in tree.
Warning, empty return. Subhalo [125] at snapNum [99] not in tree.
Warning, empty return. Subhalo [144] at snapNum [99] not in tree.
Warning, empty return. Subhalo [148] at snapNum [99] not in tree.
Warning, empty return. Subhalo [158] at snapNum [99] not in tree.
Warning, empty return. Subhalo [160] at snapNum [99] not in tree.
Warning, empty return. Subhalo [161] at snapNum [99] not in tree.
Warning, empty return. Subhalo [166] at snapNum [99] not in tree.
Warning, empty return. Subhalo [169] at snapNum [99] not in tree.
Warning, empty return. Subhalo [173] at snapNum [99] not in tree.
Warning, empty return. Subhalo [174] at snapNum [99] not in tree.
Warning, empty return. Subhalo [188] at snapNum [99] not in tree.
Warning, empty return. Subhalo [192] at snapNum [99] not in tree.
Warning, empty return. Subhalo [204] at snapNum [99] not in tree.
Warning, empty return. Subhalo [210] at snapNum [99] not in tree.
Warning, empty return. Subhalo [223] at snapNum [99] not in tree.
Warning, empty return. Subhalo [240] at snapNum [99] not in tree.
Warning, empty return. Subhalo [255] at snapNum [99] not in tree.
Warning, empty return. Subhalo [258] at snapNum [99] not in tree.
Warning, empty return. Subhalo [263] at snapNum [99] not in tree.
Warning, empty return. Subhalo [269] at snapNum [99] not in tree.
Warning, empty return. Subhalo [270] at snapNum [99] not in tree.
Warning, empty return. Subhalo [271] at snapNum [99] not in tree.
Warning, empty return. Subhalo [274] at snapNum [99] not in tree.
Warning, empty return. Subhalo [278] at snapNum [99] not in tree.
Warning, empty return. Subhalo [294] at snapNum [99] not in tree.
Warning, empty return. Subhalo [299] at snapNum [99] not in tree.
Warning, empty return. Subhalo [303] at snapNum [99] not in tree.
Warning, empty return. Subhalo [304] at snapNum [99] not in tree.
Warning, empty return. Subhalo [329] at snapNum [99] not in tree.
Warning, empty return. Subhalo [349] at snapNum [99] not in tree.
Warning, empty return. Subhalo [356] at snapNum [99] not in tree.
Warning, empty return. Subhalo [365] at snapNum [99] not in tree.
Warning, empty return. Subhalo [372] at snapNum [99] not in tree.
Warning, empty return. Subhalo [398] at snapNum [99] not in tree.
Warning, empty return. Subhalo [404] at snapNum [99] not in tree.
Warning, empty return. Subhalo [414] at snapNum [99] not in tree.
Warning, empty return. Subhalo [427] at snapNum [99] not in tree.
Warning, empty return. Subhalo [433] at snapNum [99] not in tree.
Warning, empty return. Subhalo [434] at snapNum [99] not in tree.
Warning, empty return. Subhalo [443] at snapNum [99] not in tree.
Warning, empty return. Subhalo [516] at snapNum [99] not in tree.
Warning, empty return. Subhalo [541] at snapNum [99] not in tree.
Warning, empty return. Subhalo [617] at snapNum [99] not in tree.
Warning, empty return. Subhalo [658] at snapNum [99] not in tree.
Warning, empty return. Subhalo [757] at snapNum [99] not in tree.
Warning, empty return. Subhalo [778] at snapNum [99] not in tree.
Warning, empty return. Subhalo [1121] at snapNum [99] not in tree.
Warning, empty return. Subhalo [1144] at snapNum [99] not in tree.
Warning, empty return. Subhalo [1169] at snapNum [99] not in tree.
Warning, empty return. Subhalo [1325] at snapNum [99] not in tree.
Warning, empty return. Subhalo [1532] at snapNum [99] not in tree.
Warning, empty return. Subhalo [64056] at snapNum [99] not in tree.
Warning, empty return. Subhalo [64162] at snapNum [99] not in tree.
Warning, empty return. Subhalo [64192] at snapNum [99] not in tree.
Warning, empty return. Subhalo [64254] at snapNum [99] not in tree.
Warning, empty return. Subhalo [64428] at snapNum [99] not in tree.
Warning, empty return. Subhalo [64603] at snapNum [99] not in tree.
Warning, empty return. Subhalo [96838] at snapNum [99] not in tree.
Warning, empty return. Subhalo [96839] at snapNum [99] not in tree.
Warning, empty return. Subhalo [96897] at snapNum [99] not in tree.
Warning, empty return. Subhalo [97029] at snapNum [99] not in tree.
Warning, empty return. Subhalo [97098] at snapNum [99] not in tree.
Warning, empty return. Subhalo [97248] at snapNum [99] not in tree.
Warning, empty return. Subhalo [97499] at snapNum [99] not in tree.
Warning, empty return. Subhalo [117319] at snapNum [99] not in tree.
Warning, empty return. Subhalo [117323] at snapNum [99] not in tree.
Warning, empty return. Subhalo [117330] at snapNum [99] not in tree.
Warning, empty return. Subhalo [117343] at snapNum [99] not in tree.
Warning, empty return. Subhalo [117346] at snapNum [99] not in tree.
Warning, empty return. Subhalo [117397] at snapNum [99] not in tree.
Warning, empty return. Subhalo [117438] at snapNum [99] not in tree.
Warning, empty return. Subhalo [117444] at snapNum [99] not in tree.
Warning, empty return. Subhalo [117446] at snapNum [99] not in tree.
Warning, empty return. Subhalo [117459] at snapNum [99] not in tree.
Warning, empty return. Subhalo [117497] at snapNum [99] not in tree.
Warning, empty return. Subhalo [117841] at snapNum [99] not in tree.
Warning, empty return. Subhalo [118065] at snapNum [99] not in tree.
Warning, empty return. Subhalo [144006] at snapNum [99] not in tree.
Warning, empty return. Subhalo [144032] at snapNum [99] not in tree.
Warning, empty return. Subhalo [144094] at snapNum [99] not in tree.
Warning, empty return. Subhalo [144167] at snapNum [99] not in tree.
Warning, empty return. Subhalo [144245] at snapNum [99] not in tree.
Warning, empty return. Subhalo [144583] at snapNum [99] not in tree.
Warning, empty return. Subhalo [144595] at snapNum [99] not in tree.
Warning, empty return. Subhalo [167461] at snapNum [99] not in tree.
Warning, empty return. Subhalo [167546] at snapNum [99] not in tree.
Warning, empty return. Subhalo [167574] at snapNum [99] not in tree.
Warning, empty return. Subhalo [167676] at snapNum [99] not in tree.
Warning, empty return. Subhalo [167691] at snapNum [99] not in tree.
Warning, empty return. Subhalo [167811] at snapNum [99] not in tree.
Warning, empty return. Subhalo [185022] at snapNum [99] not in tree.
Warning, empty return. Subhalo [185232] at snapNum [99] not in tree.
Warning, empty return. Subhalo [198224] at snapNum [99] not in tree.
Warning, empty return. Subhalo [198258] at snapNum [99] not in tree.
Warning, empty return. Subhalo [198273] at snapNum [99] not in tree.
Warning, empty return. Subhalo [208892] at snapNum [99] not in tree.
Warning, empty return. Subhalo [208932] at snapNum [99] not in tree.
Warning, empty return. Subhalo [208935] at snapNum [99] not in tree.
Warning, empty return. Subhalo [208968] at snapNum [99] not in tree.
Warning, empty return. Subhalo [220650] at snapNum [99] not in tree.
Warning, empty return. Subhalo [220656] at snapNum [99] not in tree.
Warning, empty return. Subhalo [220715] at snapNum [99] not in tree.
Warning, empty return. Subhalo [220721] at snapNum [99] not in tree.
Warning, empty return. Subhalo [220728] at snapNum [99] not in tree.
Warning, empty return. Subhalo [229980] at snapNum [99] not in tree.
Warning, empty return. Subhalo [229986] at snapNum [99] not in tree.
Warning, empty return. Subhalo [230047] at snapNum [99] not in tree.
Warning, empty return. Subhalo [242845] at snapNum [99] not in tree.
Warning, empty return. Subhalo [242854] at snapNum [99] not in tree.
Warning, empty return. Subhalo [242891] at snapNum [99] not in tree.
Warning, empty return. Subhalo [242896] at snapNum [99] not in tree.
Warning, empty return. Subhalo [253909] at snapNum [99] not in tree.
Warning, empty return. Subhalo [253920] at snapNum [99] not in tree.
Warning, empty return. Subhalo [253967] at snapNum [99] not in tree.
Warning, empty return. Subhalo [253968] at snapNum [99] not in tree.
Warning, empty return. Subhalo [254073] at snapNum [99] not in tree.
Warning, empty return. Subhalo [254144] at snapNum [99] not in tree.
Warning, empty return. Subhalo [265046] at snapNum [99] not in tree.
Warning, empty return. Subhalo [275575] at snapNum [99] not in tree.
Warning, empty return. Subhalo [275579] at snapNum [99] not in tree.
Warning, empty return. Subhalo [275580] at snapNum [99] not in tree.
Warning, empty return. Subhalo [275585] at snapNum [99] not in tree.
Warning, empty return. Subhalo [275588] at snapNum [99] not in tree.
Warning, empty return. Subhalo [275589] at snapNum [99] not in tree.
Warning, empty return. Subhalo [275590] at snapNum [99] not in tree.
Warning, empty return. Subhalo [275598] at snapNum [99] not in tree.
Warning, empty return. Subhalo [275606] at snapNum [99] not in tree.
Warning, empty return. Subhalo [275615] at snapNum [99] not in tree.
Warning, empty return. Subhalo [275622] at snapNum [99] not in tree.
Warning, empty return. Subhalo [275623] at snapNum [99] not in tree.
Warning, empty return. Subhalo [275624] at snapNum [99] not in tree.
Warning, empty return. Subhalo [275629] at snapNum [99] not in tree.
Warning, empty return. Subhalo [275638] at snapNum [99] not in tree.
Warning, empty return. Subhalo [275661] at snapNum [99] not in tree.
Warning, empty return. Subhalo [275670] at snapNum [99] not in tree.
Warning, empty return. Subhalo [275677] at snapNum [99] not in tree.
Warning, empty return. Subhalo [275688] at snapNum [99] not in tree.
Warning, empty return. Subhalo [275692] at snapNum [99] not in tree.
Warning, empty return. Subhalo [282809] at snapNum [99] not in tree.
Warning, empty return. Subhalo [282812] at snapNum [99] not in tree.
Warning, empty return. Subhalo [282816] at snapNum [99] not in tree.
Warning, empty return. Subhalo [282835] at snapNum [99] not in tree.
Warning, empty return. Subhalo [282839] at snapNum [99] not in tree.
Warning, empty return. Subhalo [282892] at snapNum [99] not in tree.
Warning, empty return. Subhalo [282994] at snapNum [99] not in tree.
Warning, empty return. Subhalo [289415] at snapNum [99] not in tree.
Warning, empty return. Subhalo [289422] at snapNum [99] not in tree.
Warning, empty return. Subhalo [289458] at snapNum [99] not in tree.
Warning, empty return. Subhalo [289520] at snapNum [99] not in tree.
Warning, empty return. Subhalo [300941] at snapNum [99] not in tree.
Warning, empty return. Subhalo [300965] at snapNum [99] not in tree.
Warning, empty return. Subhalo [300972] at snapNum [99] not in tree.
Warning, empty return. Subhalo [300978] at snapNum [99] not in tree.
Warning, empty return. Subhalo [301001] at snapNum [99] not in tree.
Warning, empty return. Subhalo [301010] at snapNum [99] not in tree.
Warning, empty return. Subhalo [301105] at snapNum [99] not in tree.
Warning, empty return. Subhalo [307520] at snapNum [99] not in tree.
Warning, empty return. Subhalo [307521] at snapNum [99] not in tree.
Warning, empty return. Subhalo [307522] at snapNum [99] not in tree.
Warning, empty return. Subhalo [307524] at snapNum [99] not in tree.
Warning, empty return. Subhalo [307536] at snapNum [99] not in tree.
Warning, empty return. Subhalo [313735] at snapNum [99] not in tree.
Warning, empty return. Subhalo [324167] at snapNum [99] not in tree.
Warning, empty return. Subhalo [324183] at snapNum [99] not in tree.
Warning, empty return. Subhalo [324185] at snapNum [99] not in tree.
Warning, empty return. Subhalo [324237] at snapNum [99] not in tree.
Warning, empty return. Subhalo [324241] at snapNum [99] not in tree.
Warning, empty return. Subhalo [324290] at snapNum [99] not in tree.
Warning, empty return. Subhalo [338475] at snapNum [99] not in tree.
Warning, empty return. Subhalo [342502] at snapNum [99] not in tree.
Warning, empty return. Subhalo [342515] at snapNum [99] not in tree.
Warning, empty return. Subhalo [342530] at snapNum [99] not in tree.
Warning, empty return. Subhalo [342591] at snapNum [99] not in tree.
Warning, empty return. Subhalo [355751] at snapNum [99] not in tree.
Warning, empty return. Subhalo [355755] at snapNum [99] not in tree.
Warning, empty return. Subhalo [355764] at snapNum [99] not in tree.
Warning, empty return. Subhalo [355778] at snapNum [99] not in tree.
Warning, empty return. Subhalo [355783] at snapNum [99] not in tree.
Warning, empty return. Subhalo [355785] at snapNum [99] not in tree.
Warning, empty return. Subhalo [368862] at snapNum [99] not in tree.
Warning, empty return. Subhalo [368863] at snapNum [99] not in tree.
Warning, empty return. Subhalo [368880] at snapNum [99] not in tree.
Warning, empty return. Subhalo [371140] at snapNum [99] not in tree.
Warning, empty return. Subhalo [372770] at snapNum [99] not in tree.
Warning, empty return. Subhalo [377692] at snapNum [99] not in tree.
Warning, empty return. Subhalo [382226] at snapNum [99] not in tree.
Warning, empty return. Subhalo [386300] at snapNum [99] not in tree.
Warning, empty return. Subhalo [386310] at snapNum [99] not in tree.
Warning, empty return. Subhalo [386319] at snapNum [99] not in tree.
Warning, empty return. Subhalo [424307] at snapNum [99] not in tree.
Warning, empty return. Subhalo [424308] at snapNum [99] not in tree.
Warning, empty return. Subhalo [425746] at snapNum [99] not in tree.
Warning, empty return. Subhalo [425754] at snapNum [99] not in tree.
Warning, empty return. Subhalo [425774] at snapNum [99] not in tree.
Warning, empty return. Subhalo [427228] at snapNum [99] not in tree.
Warning, empty return. Subhalo [427230] at snapNum [99] not in tree.
Warning, empty return. Subhalo [427237] at snapNum [99] not in tree.
Warning, empty return. Subhalo [427247] at snapNum [99] not in tree.
Warning, empty return. Subhalo [430894] at snapNum [99] not in tree.
Warning, empty return. Subhalo [430895] at snapNum [99] not in tree.
Warning, empty return. Subhalo [433311] at snapNum [99] not in tree.
Warning, empty return. Subhalo [435811] at snapNum [99] not in tree.
Warning, empty return. Subhalo [436954] at snapNum [99] not in tree.
Warning, empty return. Subhalo [436982] at snapNum [99] not in tree.
Warning, empty return. Subhalo [436986] at snapNum [99] not in tree.
Warning, empty return. Subhalo [438153] at snapNum [99] not in tree.
Warning, empty return. Subhalo [438157] at snapNum [99] not in tree.
Warning, empty return. Subhalo [445643] at snapNum [99] not in tree.
Warning, empty return. Subhalo [445644] at snapNum [99] not in tree.
Warning, empty return. Subhalo [445653] at snapNum [99] not in tree.
Warning, empty return. Subhalo [445654] at snapNum [99] not in tree.
Warning, empty return. Subhalo [445657] at snapNum [99] not in tree.
Warning, empty return. Subhalo [445660] at snapNum [99] not in tree.
Warning, empty return. Subhalo [445675] at snapNum [99] not in tree.
Warning, empty return. Subhalo [445687] at snapNum [99] not in tree.
Warning, empty return. Subhalo [456341] at snapNum [99] not in tree.
Warning, empty return. Subhalo [456345] at snapNum [99] not in tree.
Warning, empty return. Subhalo [470353] at snapNum [99] not in tree.
Warning, empty return. Subhalo [470356] at snapNum [99] not in tree.
Warning, empty return. Subhalo [474026] at snapNum [99] not in tree.
Warning, empty return. Subhalo [475033] at snapNum [99] not in tree.
Warning, empty return. Subhalo [476280] at snapNum [99] not in tree.
Warning, empty return. Subhalo [479303] at snapNum [99] not in tree.
Warning, empty return. Subhalo [479951] at snapNum [99] not in tree.
Warning, empty return. Subhalo [479955] at snapNum [99] not in tree.
Warning, empty return. Subhalo [482893] at snapNum [99] not in tree.
Warning, empty return. Subhalo [503447] at snapNum [99] not in tree.
Warning, empty return. Subhalo [503448] at snapNum [99] not in tree.
Warning, empty return. Subhalo [503457] at snapNum [99] not in tree.
Warning, empty return. Subhalo [510284] at snapNum [99] not in tree.
Warning, empty return. Subhalo [510293] at snapNum [99] not in tree.
Warning, empty return. Subhalo [511309] at snapNum [99] not in tree.
Warning, empty return. Subhalo [511311] at snapNum [99] not in tree.
Warning, empty return. Subhalo [511316] at snapNum [99] not in tree.
Warning, empty return. Subhalo [532774] at snapNum [99] not in tree.
Warning, empty return. Subhalo [533075] at snapNum [99] not in tree.
Warning, empty return. Subhalo [535056] at snapNum [99] not in tree.
Warning, empty return. Subhalo [535781] at snapNum [99] not in tree.
Warning, empty return. Subhalo [537239] at snapNum [99] not in tree.
Warning, empty return. Subhalo [540460] at snapNum [99] not in tree.
Warning, empty return. Subhalo [548795] at snapNum [99] not in tree.
Warning, empty return. Subhalo [559039] at snapNum [99] not in tree.
Warning, empty return. Subhalo [559041] at snapNum [99] not in tree.
Warning, empty return. Subhalo [586678] at snapNum [99] not in tree.
Warning, empty return. Subhalo [607716] at snapNum [99] not in tree.
Warning, empty return. Subhalo [1018223] at snapNum [99] not in tree.
Run L35n2160TNG
Snapnum 99
number of length 1 203
total number run 8932 total number of mergers above a mass ratio of  0.1 # =  20
fractional 0.0022391401701746527
merger id list [352426, 371136, 416713, 430866, 470346, 477337, 492251, 510283, 563050, 575194, 583747, 614626, 655988, 669749, 729962, 740413, 759056, 792552, 811140, 834999]
mass ratios [0.2554359, 1.4012895, 0.113390476, 0.38234618, 0.18416524, 0.9807765, 0.97495663, 0.97509146, 0.1969354, 1.009883, 0.44946152, 1.113079, 0.53590477, 1.0738059, 0.9124839, 0.45164505, 0.34807163, 0.101105556, 0.17454936, 0.6884172]
number of stellar particles [5624035, 6149, 2400483, 114422, 109420, 16712, 22351, 5760, 161734, 1283, 4107, 69088, 32848, 31630, 3647, 5199, 1970, 2693, 2476, 1522]
stellar mass [325012260000.0, 450931550.0, 137253536000.0, 6812130000.0, 6987716000.0, 1173525200.0, 1465287000.0, 382421920.0, 9872975000.0, 84957096.0, 269330600.0, 4147654400.0, 2015852000.0, 1900021900.0, 213410940.0, 318060380.0, 119338890.0, 160380380.0, 145437140.0, 87937080.0]
descendent ids [352426, 371136, 416713, 430866, 470346, 477337, 492251, 510283, 563050, 575194, 583747, 614626, 655988, 669749, 729962, 740413, 759056, 792552, 811140, 834999]
first prog ids [348689, 359993, 415269, 429994, 464728, 473547, 485196, 502582, 560955, 569328, 580986, 608624, 650772, 666307, 725865, 733784, 766787, 786584, 805455, 831809]
next prog ids [348690, 364994, 415278, 430017, 464733, 470117, 488222, 499917, 560959, 570545, 579221, 608621, 650773, 666306, 725862, 733787, 766790, 786586, 805456, 831808]
close file
Done!
